TN:
SF:/home/anders/proj/anders-datar/components/Logo.vue
FN:1,(anonymous_0)
FNF:1
FNH:1
FNDA:1,(anonymous_0)
DA:1,6
LF:1
LH:1
BRF:0
BRH:0
end_of_record
TN:
SF:/home/anders/proj/anders-datar/components/Weather.vue
FN:22,(anonymous_1)
FN:28,(anonymous_2)
FN:31,(anonymous_3)
FN:42,(anonymous_4)
FN:1,(anonymous_5)
FNF:5
FNH:0
FNDA:0,(anonymous_1)
FNDA:0,(anonymous_2)
FNDA:0,(anonymous_3)
FNDA:0,(anonymous_4)
FNDA:0,(anonymous_5)
DA:1,0
DA:13,0
DA:23,0
DA:29,0
DA:32,0
DA:33,0
DA:34,0
DA:35,0
DA:36,0
DA:37,0
DA:38,0
DA:43,0
LF:12
LH:0
BRDA:34,0,0,0
BRDA:34,0,1,0
BRDA:34,0,2,0
BRDA:34,0,3,0
BRDA:34,0,4,0
BRF:5
BRH:0
end_of_record
TN:
SF:/home/anders/proj/anders-datar/pages/index.vue
FN:21,(anonymous_1)
FN:23,(anonymous_3)
FN:1,(anonymous_4)
FNF:3
FNH:0
FNDA:0,(anonymous_1)
FNDA:0,(anonymous_3)
FNDA:0,(anonymous_4)
DA:1,0
DA:10,0
DA:11,0
DA:12,0
DA:14,0
DA:15,0
DA:16,0
DA:21,0
DA:22,0
DA:23,0
LF:10
LH:0
BRF:0
BRH:0
end_of_record
